0 18
0 28
0 31
0 43
0 57
0 75
1 15
1 18
1 24
1 27
1 31
1 32
1 46
1 56
1 57
1 64
1 73
1 80
2 3
2 11
2 16
2 23
2 34
2 35
2 37
2 39
2 41
2 43
2 54
2 69
2 80
2 99
3 7
3 15
3 18
3 21
3 24
3 57
3 70
3 94
4 2
4 3
4 9
4 17
4 31
4 46
4 47
4 54
4 58
4 85
4 90
4 91
4 94
4 95
5 0
5 12
5 13
5 17
5 28
5 65
6 22
6 27
6 36
6 41
6 42
6 47
6 49
6 57
6 67
6 76
6 83
6 89
7 0
7 5
7 21
7 31
7 57
7 66
8 0
8 4
8 12
8 20
8 23
8 24
8 27
8 43
8 49
8 56
8 65
8 72
8 77
8 79
9 0
9 14
9 18
9 41
9 43
9 58
9 63
9 68
9 70
9 78
10 21
10 22
10 23
10 26
10 30
10 31
10 34
10 36
10 38
10 50
10 52
10 69
10 88
10 91
11 15
11 18
11 34
11 40
11 52
11 57
11 73
11 75
11 76
11 78
11 83
11 99
13 14
13 15
13 17
13 30
14 18
14 12
15 12
15 17
15 18
15 31
16 17
16 34
16 51
16 53
16 58
16 63
16 75
16 81
16 83
16 85
16 94
16 98
17 12
17 18
18 99
18 12
19 5
19 8
19 35
19 40
19 41
19 43
19 50
19 56
19 59
19 61
19 65
19 78
19 81
19 99
20 1
20 3
20 32
20 34
20 36
20 40
20 51
20 52
20 54
20 71
20 74
20 83
20 85
20 98
21 12
21 18
21 28
21 57
21 65
21 73
22 7
22 21
22 30
22 54
22 62
22 65
22 72
22 73
22 78
22 80
22 82
22 84
22 93
22 99
23 7
23 24
23 31
23 41
23 49
23 70
23 78
23 98
24 12
24 14
24 85
24 99
25 0
25 3
25 28
25 59
25 66
25 74
25 80
25 83
25 86
25 91
26 3
26 9
26 16
26 17
26 46
26 47
26 53
26 54
26 71
26 81
26 84
26 86
27 5
27 7
27 24
27 30
27 41
27 53
27 54
27 78
28 13
28 31
28 43
28 49
28 75
28 94
29 6
29 7
29 21
29 47
29 48
29 52
29 54
29 62
29 80
29 85
29 89
29 90
30 12
30 14
30 17
30 31
31 13
31 12
31 14
31 17
32 3
32 9
32 23
32 54
32 59
32 74
32 75
32 76
32 78
32 80
33 7
33 16
33 17
33 40
33 46
33 50
33 57
33 61
33 68
33 75
33 82
33 83
34 0
34 5
34 18
34 24
34 25
34 32
34 50
34 59
34 69
34 70
34 74
34 91
35 11
35 12
35 40
35 50
35 53
35 62
35 71
35 73
35 74
35 83
35 88
35 96
36 25
36 30
36 32
36 34
36 47
36 53
36 57
36 75
36 76
36 81
36 83
36 98
37 5
37 10
37 20
37 23
37 25
37 31
37 36
37 41
37 59
37 68
37 85
37 90
37 95
37 97
38 9
38 18
38 28
38 44
38 46
38 49
38 65
38 68
38 74
38 75
38 80
38 84
39 0
39 3
39 15
39 21
39 30
39 52
39 54
39 63
39 78
39 85
39 86
39 93
40 7
40 23
40 30
40 34
40 36
40 39
40 52
40 57
40 59
40 69
40 74
40 78
41 13
41 14
41 15
41 28
41 30
41 49
41 57
41 85
42 3
42 5
42 25
42 26
42 31
42 47
42 48
42 49
42 50
42 62
42 70
42 77
42 96
42 97
43 17
43 24
43 85
43 99
44 7
44 11
44 13
44 14
44 17
44 21
44 26
44 31
44 48
44 51
44 56
44 81
45 21
45 37
45 40
45 42
45 59
45 62
45 76
45 79
45 80
45 89
45 93
45 95
46 9
46 17
46 49
46 54
46 58
46 59
46 65
46 68
46 69
46 73
46 76
46 81
47 3
47 17
47 21
47 49
47 54
47 57
47 58
47 70
47 75
47 98
48 5
48 9
48 30
48 43
48 57
48 66
48 69
48 74
48 85
48 93
48 97
48 98
49 76
49 12
49 14
49 30
49 43
49 85
50 5
50 7
50 17
50 18
50 21
50 49
50 57
50 75
51 7
51 17
51 21
51 32
51 36
51 39
51 46
51 62
51 73
51 80
51 83
51 91
52 0
52 5
52 7
52 17
52 18
52 23
52 27
52 36
52 57
52 59
52 91
52 99
53 3
53 5
53 28
53 30
53 49
53 70
53 73
53 76
54 0
54 5
54 12
54 15
54 43
54 50
54 70
54 76
55 5
55 15
55 22
55 27
55 32
55 34
55 35
55 37
55 40
55 41
55 43
55 46
55 49
55 68
56 0
56 11
56 24
56 26
56 28
56 32
56 39
56 40
56 51
56 53
56 63
56 84
57 15
57 17
57 30
57 31
57 66
57 75
58 0
58 5
58 14
58 17
58 27
58 62
58 66
58 70
58 78
58 96
59 14
59 18
59 24
59 50
59 53
59 66
59 68
59 73
59 76
59 98
60 9
60 18
60 22
60 35
60 41
60 46
60 47
60 53
60 64
60 69
60 85
60 91
61 1
61 3
61 5
61 17
61 36
61 39
61 40
61 44
61 47
61 48
61 68
61 86
61 91
61 99
62 21
62 23
62 28
62 41
62 65
62 68
62 73
62 75
62 78
62 96
63 5
63 12
63 21
63 24
63 28
63 54
63 57
63 69
63 78
63 80
64 7
64 17
64 28
64 31
64 38
64 39
64 40
64 46
64 66
64 73
64 78
64 84
64 94
64 97
65 0
65 18
65 28
65 30
65 31
65 49
66 12
66 13
66 18
66 28
66 75
66 94
67 0
67 1
67 4
67 15
67 17
67 28
67 31
67 53
67 56
67 57
67 76
67 78
67 95
67 99
68 3
68 5
68 14
68 21
68 23
68 27
68 43
68 50
68 78
68 98
69 18
69 27
69 43
69 50
69 53
69 57
69 62
69 65
69 81
69 96
70 13
70 15
70 18
70 24
70 43
70 50
70 73
70 99
71 0
71 16
71 25
71 27
71 28
71 52
71 57
71 59
71 63
71 85
71 86
71 94
72 16
72 32
72 36
72 39
72 43
72 49
72 57
72 59
72 68
72 69
72 70
72 79
72 80
72 84
73 7
73 0
73 5
73 43
73 65
73 66
73 75
73 76
74 7
74 14
74 23
74 27
74 31
74 62
74 66
74 73
74 78
74 83
75 15
75 17
75 24
75 49
75 76
75 94
76 5
76 14
76 18
76 24
76 31
76 43
77 2
77 4
77 7
77 17
77 27
77 40
77 46
77 64
77 68
77 73
77 80
77 81
77 91
77 99
78 13
78 18
78 24
78 28
78 49
78 53
78 66
78 94
79 1
79 15
79 21
79 25
79 28
79 32
79 43
79 44
79 46
79 52
79 57
79 80
79 86
79 95
80 9
80 3
80 7
80 13
80 14
80 23
80 47
80 59
80 65
80 69
80 85
80 96
81 95
81 3
81 12
81 27
81 47
81 57
81 65
81 68
81 70
81 73
81 75
81 85
82 15
82 18
82 35
82 38
82 39
82 40
82 50
82 51
82 52
82 56
82 63
82 71
82 85
82 95
83 32
83 63
83 0
83 3
83 12
83 14
83 18
83 21
83 49
83 59
83 69
83 73
84 11
84 16
84 24
84 30
84 31
84 48
84 53
84 58
84 66
84 68
84 71
84 73
85 83
85 54
85 53
85 21
85 65
85 0
85 94
85 15
85 14
85 17
85 18
85 30
86 56
86 3
86 7
86 15
86 17
86 18
86 23
86 47
86 53
86 63
86 75
86 78
87 18
87 23
87 24
87 49
87 54
87 58
87 88
87 97
88 25
88 26
88 28
88 30
88 41
88 43
88 44
88 47
88 59
88 69
88 75
88 83
88 85
88 86
89 4
89 21
89 23
89 24
89 31
89 32
89 40
89 41
89 44
89 56
89 57
89 64
90 23
90 26
90 28
90 34
90 35
90 46
90 51
90 53
90 66
90 71
90 73
90 74
90 93
90 99
91 86
91 5
91 9
91 12
91 28
91 30
91 32
91 50
91 58
91 62
91 68
91 81
92 33
92 29
92 0
92 13
92 16
92 18
92 21
92 24
92 32
92 34
92 62
92 79
92 91
92 93
92 97
92 99
93 7
93 13
93 24
93 41
93 49
93 50
93 52
93 54
93 63
93 66
93 73
93 96
94 89
94 38
94 25
94 74
94 73
94 13
94 18
94 24
94 49
94 76
95 1
95 0
95 12
95 15
95 23
95 28
95 30
95 31
95 34
95 35
95 36
95 43
95 75
95 78
96 60
96 84
96 17
96 18
96 28
96 31
96 41
96 54
96 66
96 68
96 70
96 76
97 35
97 39
97 0
97 7
97 15
97 23
97 58
97 63
97 70
97 74
97 75
97 80
97 91
97 93
98 44
98 71
98 97
98 91
98 27
98 78
98 5
98 17
98 21
98 31
98 41
98 50
98 70
98 73
99 87
99 51
99 48
99 23
99 98
99 57
99 66
99 85
99 31
99 17
99 12
99 14
