Build started 11/8/2015 9:32:56 PM.
     1>Project "D:\EGC\Tema 1\Tema 1\ex1\ex1.vcxproj" on node 2 (Build target(s)).
     1>C:\Program Files (x86)\MSBuild\Microsoft.Cpp\v4.0\V140\Microsoft.CppBuild.targets(392,5): warning MSB8028: The intermediate directory (Debug\) contains files shared from another project (ex1.vcxproj).  This can lead to incorrect clean and rebuild behavior.
     1>ClCompile:
         C:\Program Files (x86)\Microsoft Visual Studio 14.0\VC\bin\CL.exe /c /ZI /nologo /W3 /WX- /sdl /Od /Oy- /D _MBCS /Gm /EHsc /RTC1 /MDd /GS /fp:precise /Zc:wchar_t /Zc:forScope /Zc:inline /Fo"Debug\\" /Fd"Debug\vc140.pdb" /Gd /TP /analyze- /errorReport:prompt main.cpp
         main.cpp
     1>d:\egc\tema 1\tema 1\ex1\main.cpp(88): warning C4244: 'argument': conversion from 'unsigned int' to 'float', possible loss of data
     1>d:\egc\tema 1\tema 1\ex1\main.cpp(103): warning C4244: 'argument': conversion from 'time_t' to 'unsigned int', possible loss of data
     1>d:\egc\tema 1\tema 1\ex1\main.cpp(105): warning C4244: 'argument': conversion from 'double' to 'float', possible loss of data
     1>d:\egc\tema 1\tema 1\ex1\main.cpp(278): warning C4244: 'initializing': conversion from 'double' to 'float', possible loss of data
     1>d:\egc\tema 1\tema 1\ex1\main.cpp(358): warning C4018: '<': signed/unsigned mismatch
     1>d:\egc\tema 1\tema 1\ex1\main.cpp(375): warning C4244: '=': conversion from 'double' to 'float', possible loss of data
     1>d:\egc\tema 1\tema 1\ex1\main.cpp(377): warning C4244: '=': conversion from 'double' to 'float', possible loss of data
     1>d:\egc\tema 1\tema 1\ex1\main.cpp(404): warning C4305: 'argument': truncation from 'double' to 'GLclampf'
     1>d:\egc\tema 1\tema 1\ex1\main.cpp(440): warning C4244: '=': conversion from 'double' to 'float', possible loss of data
     1>d:\egc\tema 1\tema 1\ex1\main.cpp(443): warning C4244: 'argument': conversion from 'float' to 'GLint', possible loss of data
     1>d:\egc\tema 1\tema 1\ex1\main.cpp(453): warning C4244: '=': conversion from 'double' to 'float', possible loss of data
     1>d:\egc\tema 1\tema 1\ex1\main.cpp(456): warning C4244: 'argument': conversion from 'float' to 'GLint', possible loss of data
     1>d:\egc\tema 1\tema 1\ex1\main.cpp(473): warning C4244: '=': conversion from 'double' to 'float', possible loss of data
     1>d:\egc\tema 1\tema 1\ex1\main.cpp(479): warning C4244: '=': conversion from 'double' to 'float', possible loss of data
     1>d:\egc\tema 1\tema 1\ex1\main.cpp(498): warning C4305: '+=': truncation from 'double' to 'float'
     1>d:\egc\tema 1\tema 1\ex1\main.cpp(504): warning C4305: '-=': truncation from 'double' to 'float'
     1>c:\program files (x86)\microsoft visual studio 14.0\vc\include\utility(145): warning C4244: 'initializing': conversion from 'int' to 'float', possible loss of data
         d:\egc\tema 1\tema 1\ex1\main.cpp(31): note: see reference to function template instantiation 'std::pair<float,float>::pair<int,int,void>(_Other1 &&,_Other2 &&) noexcept' being compiled
                 with
                 [
                     _Other1=int,
                     _Other2=int
                 ]
         d:\egc\tema 1\tema 1\ex1\main.cpp(31): note: see reference to function template instantiation 'std::pair<float,float>::pair<int,int,void>(_Other1 &&,_Other2 &&) noexcept' being compiled
                 with
                 [
                     _Other1=int,
                     _Other2=int
                 ]
       Link:
         C:\Program Files (x86)\Microsoft Visual Studio 14.0\VC\bin\link.exe /ERRORREPORT:PROMPT /OUT:"D:\EGC\Tema 1\Tema 1\Debug\Tema 1.exe" /INCREMENTAL /NOLOGO /LIBPATH:..\dependente\freeglut /LIBPATH:..\dependente\glew opengl32.lib glew32.lib freeglut.lib kernel32.lib user32.lib gdi32.lib winspool.lib comdlg32.lib advapi32.lib shell32.lib ole32.lib oleaut32.lib uuid.lib odbc32.lib odbccp32.lib /MANIFEST /MANIFESTUAC:"level='asInvoker' uiAccess='false'" /manifest:embed /Debug /PDB:"D:\EGC\Tema 1\Tema 1\Debug\Tema 1.pdb" /TLBID:1 /DYNAMICBASE /NXCOMPAT /IMPLIB:"D:\EGC\Tema 1\Tema 1\Debug\Tema 1.lib" /MACHINE:X86 Debug\main.obj
         ex1.vcxproj -> D:\EGC\Tema 1\Tema 1\Debug\Tema 1.exe
     1>Done Building Project "D:\EGC\Tema 1\Tema 1\ex1\ex1.vcxproj" (Build target(s)).

Build succeeded.

Time Elapsed 00:00:01.49
